This is an implementation of the 8-puzzle problem with the "Tiles out of place" heuristics.
Please enter an initial state: The sequence is:
2 8 6 
7 5 3 
_ 4 1 

2 8 6 
7 5 3 
4 _ 1 

2 8 6 
7 _ 3 
4 5 1 

2 8 6 
7 3 _ 
4 5 1 

2 8 _ 
7 3 6 
4 5 1 

2 _ 8 
7 3 6 
4 5 1 

2 3 8 
7 _ 6 
4 5 1 

2 3 8 
7 5 6 
4 _ 1 

2 3 8 
7 5 6 
4 1 _ 

2 3 8 
7 5 _ 
4 1 6 

2 3 8 
7 _ 5 
4 1 6 

2 3 8 
7 1 5 
4 _ 6 

2 3 8 
7 1 5 
_ 4 6 

2 3 8 
_ 1 5 
7 4 6 

2 3 8 
1 _ 5 
7 4 6 

2 3 8 
1 4 5 
7 _ 6 

2 3 8 
1 4 5 
7 6 _ 

2 3 8 
1 4 _ 
7 6 5 

2 3 _ 
1 4 8 
7 6 5 

2 _ 3 
1 4 8 
7 6 5 

_ 2 3 
1 4 8 
7 6 5 

1 2 3 
_ 4 8 
7 6 5 

1 2 3 
4 _ 8 
7 6 5 

1 2 3 
4 6 8 
7 _ 5 

1 2 3 
4 6 8 
7 5 _ 

1 2 3 
4 6 _ 
7 5 8 

1 2 3 
4 _ 6 
7 5 8 

1 2 3 
4 5 6 
7 _ 8 

1 2 3 
4 5 6 
7 8 _ 

The number of states in the sequence is: 29

